# JRE version: Java(TM) SE Runtime Environment (23.0.1+11) (build 23.0.1+11-39)
# Java VM: Java HotSpot(TM) 64-Bit Server VM (23.0.1+11-39, mixed mode, sharing, tiered, compressed oops, compressed class ptrs, g1 gc, windows-amd64)
GC Precious Log:
 CardTable entry size: 512
 Card Set container configuration: InlinePtr #cards 5 size 8 Array Of Cards #cards 10 size 36 Howl #buckets 4 coarsen threshold 1843 Howl Bitmap #cards 512 size 80 coarsen threshold 460 Card regions per heap region 1 cards per card region 2048
 CPUs: 4 total, 4 available
 Memory: 7973M
 Large Page Support: Disabled
 NUMA Support: Disabled
 Compressed Oops: Enabled (32-bit)
 Heap Region Size: 1M
 Heap Min Capacity: 8M
 Heap Initial Capacity: 126M
 Heap Max Capacity: 2G
 Pre-touch: Disabled
 Parallel Workers: 4
 Concurrent Workers: 1
 Concurrent Refinement Workers: 4
 Periodic GC: Disabled
Heap:
 garbage-first heap   total reserved 2097152K, committed 347136K, used 140689K [0x0000000080000000, 0x0000000100000000)
  region size 1024K, 2 young (2048K), 2 survivors (2048K)
 Metaspace       used 105698K, committed 108352K, reserved 557056K
  class space    used 15359K, committed 16576K, reserved 425984K
GC Heap History (20 events):
Event: 64.832 GC heap after
{Heap after GC invocations=51 (full 0):
 garbage-first heap   total reserved 2097152K, committed 189440K, used 113370K [0x0000000080000000, 0x0000000100000000)
  region size 1024K, 3 young (3072K), 3 survivors (3072K)
 Metaspace       used 100933K, committed 103424K, reserved 557056K
  class space    used 14608K, committed 15744K, reserved 425984K
}
Event: 68.078 GC heap before
{Heap before GC invocations=51 (full 0):
 garbage-first heap   total reserved 2097152K, committed 189440K, used 173786K [0x0000000080000000, 0x0000000100000000)
  region size 1024K, 62 young (63488K), 3 survivors (3072K)
 Metaspace       used 104424K, committed 107008K, reserved 557056K
  class space    used 15117K, committed 16320K, reserved 425984K
}
Event: 68.093 GC heap after
{Heap after GC invocations=52 (full 0):
 garbage-first heap   total reserved 2097152K, committed 189440K, used 115939K [0x0000000080000000, 0x0000000100000000)
  region size 1024K, 6 young (6144K), 6 survivors (6144K)
 Metaspace       used 104424K, committed 107008K, reserved 557056K
  class space    used 15117K, committed 16320K, reserved 425984K
}
Event: 80.064 GC heap before
{Heap before GC invocations=52 (full 0):
 garbage-first heap   total reserved 2097152K, committed 189440K, used 170211K [0x0000000080000000, 0x0000000100000000)
  region size 1024K, 60 young (61440K), 6 survivors (6144K)
 Metaspace       used 104437K, committed 107008K, reserved 557056K
  class space    used 15117K, committed 16320K, reserved 425984K
}
Event: 80.075 GC heap after
{Heap after GC invocations=53 (full 0):
 garbage-first heap   total reserved 2097152K, committed 189440K, used 120173K [0x0000000080000000, 0x0000000100000000)
  region size 1024K, 8 young (8192K), 8 survivors (8192K)
 Metaspace       used 104437K, committed 107008K, reserved 557056K
  class space    used 15117K, committed 16320K, reserved 425984K
}
Event: 112.715 GC heap before
{Heap before GC invocations=54 (full 0):
 garbage-first heap   total reserved 2097152K, committed 201728K, used 171373K [0x0000000080000000, 0x0000000100000000)
  region size 1024K, 56 young (57344K), 8 survivors (8192K)
 Metaspace       used 105315K, committed 107904K, reserved 557056K
  class space    used 15314K, committed 16512K, reserved 425984K
}
Event: 113.435 GC heap after
{Heap after GC invocations=55 (full 0):
 garbage-first heap   total reserved 2097152K, committed 201728K, used 130902K [0x0000000080000000, 0x0000000100000000)
  region size 1024K, 7 young (7168K), 7 survivors (7168K)
 Metaspace       used 105315K, committed 107904K, reserved 557056K
  class space    used 15314K, committed 16512K, reserved 425984K
}
Event: 233.256 GC heap before
{Heap before GC invocations=55 (full 0):
 garbage-first heap   total reserved 2097152K, committed 201728K, used 182102K [0x0000000080000000, 0x0000000100000000)
  region size 1024K, 58 young (59392K), 7 survivors (7168K)
 Metaspace       used 105677K, committed 108352K, reserved 557056K
  class space    used 15358K, committed 16576K, reserved 425984K
}
Event: 268.812 GC heap after
{Heap after GC invocations=56 (full 0):
 garbage-first heap   total reserved 2097152K, committed 201728K, used 135031K [0x0000000080000000, 0x0000000100000000)
  region size 1024K, 6 young (6144K), 6 survivors (6144K)
 Metaspace       used 105677K, committed 108352K, reserved 557056K
  class space    used 15358K, committed 16576K, reserved 425984K
}
Event: 270.167 GC heap before
{Heap before GC invocations=56 (full 0):
 garbage-first heap   total reserved 2097152K, committed 201728K, used 138103K [0x0000000080000000, 0x0000000100000000)
  region size 1024K, 9 young (9216K), 6 survivors (6144K)
 Metaspace       used 105680K, committed 108352K, reserved 557056K
  class space    used 15358K, committed 16576K, reserved 425984K
}
Event: 297.991 GC heap after
{Heap after GC invocations=57 (full 0):
 garbage-first heap   total reserved 2097152K, committed 347136K, used 136447K [0x0000000080000000, 0x0000000100000000)
  region size 1024K, 1 young (1024K), 1 survivors (1024K)
 Metaspace       used 105680K, committed 108352K, reserved 557056K
  class space    used 15358K, committed 16576K, reserved 425984K
}
Event: 302.145 GC heap before
{Heap before GC invocations=57 (full 0):
 garbage-first heap   total reserved 2097152K, committed 347136K, used 150783K [0x0000000080000000, 0x0000000100000000)
  region size 1024K, 16 young (16384K), 1 survivors (1024K)
 Metaspace       used 105688K, committed 108352K, reserved 557056K
  class space    used 15358K, committed 16576K, reserved 425984K
}
Event: 353.387 GC heap after
{Heap after GC invocations=58 (full 0):
 garbage-first heap   total reserved 2097152K, committed 347136K, used 136899K [0x0000000080000000, 0x0000000100000000)
  region size 1024K, 2 young (2048K), 2 survivors (2048K)
 Metaspace       used 105688K, committed 108352K, reserved 557056K
  class space    used 15358K, committed 16576K, reserved 425984K
}
Event: 354.586 GC heap before
{Heap before GC invocations=58 (full 0):
 garbage-first heap   total reserved 2097152K, committed 347136K, used 150211K [0x0000000080000000, 0x0000000100000000)
  region size 1024K, 16 young (16384K), 2 survivors (2048K)
 Metaspace       used 105694K, committed 108352K, reserved 557056K
  class space    used 15359K, committed 16576K, reserved 425984K
}
Event: 356.180 GC heap after
{Heap after GC invocations=59 (full 0):
 garbage-first heap   total reserved 2097152K, committed 347136K, used 137648K [0x0000000080000000, 0x0000000100000000)
  region size 1024K, 2 young (2048K), 2 survivors (2048K)
 Metaspace       used 105694K, committed 108352K, reserved 557056K
  class space    used 15359K, committed 16576K, reserved 425984K
}
Event: 359.217 GC heap before
{Heap before GC invocations=59 (full 0):
 garbage-first heap   total reserved 2097152K, committed 347136K, used 150960K [0x0000000080000000, 0x0000000100000000)
  region size 1024K, 16 young (16384K), 2 survivors (2048K)
 Metaspace       used 105694K, committed 108352K, reserved 557056K
  class space    used 15359K, committed 16576K, reserved 425984K
}
Event: 360.667 GC heap after
{Heap after GC invocations=60 (full 0):
 garbage-first heap   total reserved 2097152K, committed 347136K, used 138688K [0x0000000080000000, 0x0000000100000000)
  region size 1024K, 2 young (2048K), 2 survivors (2048K)
 Metaspace       used 105694K, committed 108352K, reserved 557056K
  class space    used 15359K, committed 16576K, reserved 425984K
}
Event: 362.762 GC heap before
{Heap before GC invocations=60 (full 0):
 garbage-first heap   total reserved 2097152K, committed 347136K, used 152000K [0x0000000080000000, 0x0000000100000000)
  region size 1024K, 16 young (16384K), 2 survivors (2048K)
 Metaspace       used 105696K, committed 108352K, reserved 557056K
  class space    used 15359K, committed 16576K, reserved 425984K
}
Event: 363.230 GC heap after
{Heap after GC invocations=61 (full 0):
 garbage-first heap   total reserved 2097152K, committed 347136K, used 139476K [0x0000000080000000, 0x0000000100000000)
  region size 1024K, 2 young (2048K), 2 survivors (2048K)
 Metaspace       used 105696K, committed 108352K, reserved 557056K
  class space    used 15359K, committed 16576K, reserved 425984K
}
Event: 369.075 GC heap before
{Heap before GC invocations=61 (full 0):
 garbage-first heap   total reserved 2097152K, committed 347136K, used 152788K [0x0000000080000000, 0x0000000100000000)
  region size 1024K, 16 young (16384K), 2 survivors (2048K)
 Metaspace       used 105698K, committed 108352K, reserved 557056K
  class space    used 15359K, committed 16576K, reserved 425984K
}

