# JRE version: OpenJDK Runtime Environment (21.0.7) (build 21.0.7+-13880790-b1038.58)
# Java VM: OpenJDK 64-Bit Server VM (21.0.7+-13880790-b1038.58, mixed mode, tiered, compressed oops, compressed class ptrs, g1 gc, windows-amd64)
GC Precious Log:
 CardTable entry size: 512
 Card Set container configuration: InlinePtr #cards 5 size 8 Array Of Cards #cards 12 size 40 Howl #buckets 4 coarsen threshold 1843 Howl Bitmap #cards 512 size 80 coarsen threshold 460 Card regions per heap region 1 cards per card region 2048
 CPUs: 4 total, 4 available
 Memory: 7973M
 Large Page Support: Disabled
 NUMA Support: Disabled
 Compressed Oops: Enabled (32-bit)
 Heap Region Size: 1M
 Heap Min Capacity: 8M
 Heap Initial Capacity: 126M
 Heap Max Capacity: 2G
 Pre-touch: Disabled
 Parallel Workers: 4
 Concurrent Workers: 1
 Concurrent Refinement Workers: 4
 Periodic GC: Disabled
Heap:
 garbage-first heap   total 252928K, used 183763K [0x0000000080000000, 0x0000000100000000)
  region size 1024K, 3 young (3072K), 3 survivors (3072K)
 Metaspace       used 66380K, committed 67904K, reserved 491520K
  class space    used 9082K, committed 9792K, reserved 425984K
GC Heap History (20 events):
Event: 129.546 GC heap after
{Heap after GC invocations=51 (full 0):
 garbage-first heap   total 176128K, used 99772K [0x0000000080000000, 0x0000000100000000)
  region size 1024K, 3 young (3072K), 3 survivors (3072K)
 Metaspace       used 65560K, committed 67008K, reserved 491520K
  class space    used 9037K, committed 9728K, reserved 425984K
}
Event: 129.855 GC heap before
{Heap before GC invocations=51 (full 0):
 garbage-first heap   total 176128K, used 162236K [0x0000000080000000, 0x0000000100000000)
  region size 1024K, 64 young (65536K), 3 survivors (3072K)
 Metaspace       used 65560K, committed 67008K, reserved 491520K
  class space    used 9037K, committed 9728K, reserved 425984K
}
Event: 129.863 GC heap after
{Heap after GC invocations=52 (full 0):
 garbage-first heap   total 211968K, used 100906K [0x0000000080000000, 0x0000000100000000)
  region size 1024K, 5 young (5120K), 5 survivors (5120K)
 Metaspace       used 65560K, committed 67008K, reserved 491520K
  class space    used 9037K, committed 9728K, reserved 425984K
}
Event: 133.099 GC heap before
{Heap before GC invocations=53 (full 0):
 garbage-first heap   total 211968K, used 196138K [0x0000000080000000, 0x0000000100000000)
  region size 1024K, 96 young (98304K), 5 survivors (5120K)
 Metaspace       used 65916K, committed 67456K, reserved 491520K
  class space    used 9059K, committed 9792K, reserved 425984K
}
Event: 133.113 GC heap after
{Heap after GC invocations=54 (full 0):
 garbage-first heap   total 211968K, used 100078K [0x0000000080000000, 0x0000000100000000)
  region size 1024K, 4 young (4096K), 4 survivors (4096K)
 Metaspace       used 65916K, committed 67456K, reserved 491520K
  class space    used 9059K, committed 9792K, reserved 425984K
}
Event: 134.722 GC heap before
{Heap before GC invocations=54 (full 0):
 garbage-first heap   total 211968K, used 195310K [0x0000000080000000, 0x0000000100000000)
  region size 1024K, 97 young (99328K), 4 survivors (4096K)
 Metaspace       used 66126K, committed 67648K, reserved 491520K
  class space    used 9088K, committed 9792K, reserved 425984K
}
Event: 134.740 GC heap after
{Heap after GC invocations=55 (full 0):
 garbage-first heap   total 211968K, used 101136K [0x0000000080000000, 0x0000000100000000)
  region size 1024K, 7 young (7168K), 7 survivors (7168K)
 Metaspace       used 66126K, committed 67648K, reserved 491520K
  class space    used 9088K, committed 9792K, reserved 425984K
}
Event: 135.741 GC heap before
{Heap before GC invocations=55 (full 0):
 garbage-first heap   total 211968K, used 192272K [0x0000000080000000, 0x0000000100000000)
  region size 1024K, 96 young (98304K), 7 survivors (7168K)
 Metaspace       used 66136K, committed 67648K, reserved 491520K
  class space    used 9088K, committed 9792K, reserved 425984K
}
Event: 135.768 GC heap after
{Heap after GC invocations=56 (full 0):
 garbage-first heap   total 211968K, used 106464K [0x0000000080000000, 0x0000000100000000)
  region size 1024K, 12 young (12288K), 12 survivors (12288K)
 Metaspace       used 66136K, committed 67648K, reserved 491520K
  class space    used 9088K, committed 9792K, reserved 425984K
}
Event: 136.312 GC heap before
{Heap before GC invocations=57 (full 0):
 garbage-first heap   total 211968K, used 187360K [0x0000000080000000, 0x0000000100000000)
  region size 1024K, 91 young (93184K), 12 survivors (12288K)
 Metaspace       used 66139K, committed 67648K, reserved 491520K
  class space    used 9088K, committed 9792K, reserved 425984K
}
Event: 136.343 GC heap after
{Heap after GC invocations=58 (full 0):
 garbage-first heap   total 211968K, used 109812K [0x0000000080000000, 0x0000000100000000)
  region size 1024K, 9 young (9216K), 9 survivors (9216K)
 Metaspace       used 66139K, committed 67648K, reserved 491520K
  class space    used 9088K, committed 9792K, reserved 425984K
}
Event: 136.800 GC heap before
{Heap before GC invocations=58 (full 0):
 garbage-first heap   total 211968K, used 190708K [0x0000000080000000, 0x0000000100000000)
  region size 1024K, 88 young (90112K), 9 survivors (9216K)
 Metaspace       used 66139K, committed 67648K, reserved 491520K
  class space    used 9088K, committed 9792K, reserved 425984K
}
Event: 136.823 GC heap after
{Heap after GC invocations=59 (full 0):
 garbage-first heap   total 211968K, used 112437K [0x0000000080000000, 0x0000000100000000)
  region size 1024K, 8 young (8192K), 8 survivors (8192K)
 Metaspace       used 66139K, committed 67648K, reserved 491520K
  class space    used 9088K, committed 9792K, reserved 425984K
}
Event: 137.382 GC heap before
{Heap before GC invocations=59 (full 0):
 garbage-first heap   total 211968K, used 191285K [0x0000000080000000, 0x0000000100000000)
  region size 1024K, 86 young (88064K), 8 survivors (8192K)
 Metaspace       used 66139K, committed 67648K, reserved 491520K
  class space    used 9088K, committed 9792K, reserved 425984K
}
Event: 137.405 GC heap after
{Heap after GC invocations=60 (full 0):
 garbage-first heap   total 211968K, used 120287K [0x0000000080000000, 0x0000000100000000)
  region size 1024K, 11 young (11264K), 11 survivors (11264K)
 Metaspace       used 66139K, committed 67648K, reserved 491520K
  class space    used 9088K, committed 9792K, reserved 425984K
}
Event: 138.466 GC heap before
{Heap before GC invocations=61 (full 0):
 garbage-first heap   total 211968K, used 195039K [0x0000000080000000, 0x0000000100000000)
  region size 1024K, 78 young (79872K), 11 survivors (11264K)
 Metaspace       used 66173K, committed 67648K, reserved 491520K
  class space    used 9082K, committed 9792K, reserved 425984K
}
Event: 138.592 GC heap after
{Heap after GC invocations=62 (full 0):
 garbage-first heap   total 252928K, used 172544K [0x0000000080000000, 0x0000000100000000)
  region size 1024K, 10 young (10240K), 10 survivors (10240K)
 Metaspace       used 66173K, committed 67648K, reserved 491520K
  class space    used 9082K, committed 9792K, reserved 425984K
}
Event: 139.877 GC heap before
{Heap before GC invocations=62 (full 0):
 garbage-first heap   total 252928K, used 212480K [0x0000000080000000, 0x0000000100000000)
  region size 1024K, 50 young (51200K), 10 survivors (10240K)
 Metaspace       used 66309K, committed 67776K, reserved 491520K
  class space    used 9082K, committed 9792K, reserved 425984K
}
Event: 139.927 GC heap after
{Heap after GC invocations=63 (full 0):
 garbage-first heap   total 252928K, used 180736K [0x0000000080000000, 0x0000000100000000)
  region size 1024K, 7 young (7168K), 7 survivors (7168K)
 Metaspace       used 66309K, committed 67776K, reserved 491520K
  class space    used 9082K, committed 9792K, reserved 425984K
}
Event: 142.690 GC heap before
{Heap before GC invocations=63 (full 0):
 garbage-first heap   total 252928K, used 218624K [0x0000000080000000, 0x0000000100000000)
  region size 1024K, 44 young (45056K), 7 survivors (7168K)
 Metaspace       used 66380K, committed 67904K, reserved 491520K
  class space    used 9082K, committed 9792K, reserved 425984K
}

